<snippet>
	<name>Testcase</name>
	<description>Testcase for animation player</description>
	<template><![CDATA[
	device zxspectrum128
	page 0

	org #5d00
	ld sp, $-2
	ld a, #10 : ld bc, #7ffd : out (c), a
	ld hl, #5800 : ld de, #5801 : ld bc, #02ff : ld (hl), #47 : ldir
	xor a : out (#fe), a
	ei
	
_LOOP	call _TEST : halt : jr _LOOP 

_TEST	include "player-%method%-%prefix%.asm"
	display /d, "Animation size: ", $-_TEST
	savebin "%method%.bin", _TEST, $-_TEST
	savesna "test-%method%.sna", #5d00
]]></template>
	<params>
		<param>
			<varname>method</varname>
			<type>string</type>
		</param>
		<param>
			<varname>prefix</varname>
			<type>string</type>
		</param>
	</params>
</snippet>